2018/12/28 07:19:15 [error] [exception.CDbException] SQLSTATE[HY000] [1045] Access denied for user 'root'@'localhost' (using password: NO)
2018/12/28 07:19:15 [error] [exception.CDbException] CDbException: CDbConnection failed to open the DB connection. in /var/www/html/codecanyon/framework/db/CDbConnection.php:405
Stack trace:
#0 /var/www/html/codecanyon/framework/db/CDbConnection.php(347): CDbConnection->open()
#1 /var/www/html/codecanyon/framework/db/CDbConnection.php(325): CDbConnection->setActive(true)
#2 /var/www/html/codecanyon/framework/base/CModule.php(394): CDbConnection->init()
#3 /var/www/html/codecanyon/framework/base/CApplication.php(459): CModule->getComponent('db')
#4 /var/www/html/codecanyon/framework/db/ar/CActiveRecord.php(639): CApplication->getDb()
#5 /var/www/html/codecanyon/framework/db/ar/CActiveRecord.php(672): CActiveRecord->getDbConnection()
#6 /var/www/html/codecanyon/framework/db/ar/CActiveRecord.php(1477): CActiveRecord->getCommandBuilder()
#7 /var/www/html/codecanyon/framework/web/CActiveDataProvider.php(199): CActiveRecord->findAll(Object(CDbCriteria))
#8 /var/www/html/codecanyon/framework/web/CDataProvider.php(168): CActiveDataProvider->fetchData()
#9 /var/www/html/codecanyon/website_review/widgets/WebsiteList.php(30): CDataProvider->getData()
#10 /var/www/html/codecanyon/framework/web/CBaseController.php(170): WebsiteList->run()
#11 /var/www/html/codecanyon/website_review/controllers/SiteController.php(31): CBaseController->widget('application.wid...', Array, true)
#12 /var/www/html/codecanyon/framework/web/actions/CInlineAction.php(49): SiteController->actionIndex()
#13 /var/www/html/codecanyon/framework/web/CController.php(308): CInlineAction->runWithParams(Array)
#14 /var/www/html/codecanyon/framework/web/CController.php(286): CController->runAction(Object(CInlineAction))
#15 /var/www/html/codecanyon/framework/web/CController.php(265): CController->runActionWithFilters(Object(CInlineAction), Array)
#16 /var/www/html/codecanyon/framework/web/CWebApplication.php(282): CController->run('')
#17 /var/www/html/codecanyon/framework/web/CWebApplication.php(141): CWebApplication->runController('')
#18 /var/www/html/codecanyon/framework/base/CApplication.php(185): CWebApplication->processRequest()
#19 /var/www/html/codecanyon/index.php(17): CApplication->run()
#20 {main}
REQUEST_URI=/codecanyon/
---
2018/12/28 07:19:48 [error] [exception.CDbException] SQLSTATE[HY000] [1045] Access denied for user 'root'@'localhost' (using password: NO)
2018/12/28 07:19:48 [error] [exception.CDbException] CDbException: CDbConnection failed to open the DB connection. in /var/www/html/codecanyon/framework/db/CDbConnection.php:405
Stack trace:
#0 /var/www/html/codecanyon/framework/db/CDbConnection.php(347): CDbConnection->open()
#1 /var/www/html/codecanyon/framework/db/CDbConnection.php(325): CDbConnection->setActive(true)
#2 /var/www/html/codecanyon/framework/base/CModule.php(394): CDbConnection->init()
#3 /var/www/html/codecanyon/framework/base/CApplication.php(459): CModule->getComponent('db')
#4 /var/www/html/codecanyon/framework/db/ar/CActiveRecord.php(639): CApplication->getDb()
#5 /var/www/html/codecanyon/framework/db/ar/CActiveRecord.php(672): CActiveRecord->getDbConnection()
#6 /var/www/html/codecanyon/framework/db/ar/CActiveRecord.php(1477): CActiveRecord->getCommandBuilder()
#7 /var/www/html/codecanyon/framework/web/CActiveDataProvider.php(199): CActiveRecord->findAll(Object(CDbCriteria))
#8 /var/www/html/codecanyon/framework/web/CDataProvider.php(168): CActiveDataProvider->fetchData()
#9 /var/www/html/codecanyon/website_review/widgets/WebsiteList.php(30): CDataProvider->getData()
#10 /var/www/html/codecanyon/framework/web/CBaseController.php(170): WebsiteList->run()
#11 /var/www/html/codecanyon/website_review/controllers/SiteController.php(31): CBaseController->widget('application.wid...', Array, true)
#12 /var/www/html/codecanyon/framework/web/actions/CInlineAction.php(49): SiteController->actionIndex()
#13 /var/www/html/codecanyon/framework/web/CController.php(308): CInlineAction->runWithParams(Array)
#14 /var/www/html/codecanyon/framework/web/CController.php(286): CController->runAction(Object(CInlineAction))
#15 /var/www/html/codecanyon/framework/web/CController.php(265): CController->runActionWithFilters(Object(CInlineAction), Array)
#16 /var/www/html/codecanyon/framework/web/CWebApplication.php(282): CController->run('')
#17 /var/www/html/codecanyon/framework/web/CWebApplication.php(141): CWebApplication->runController('')
#18 /var/www/html/codecanyon/framework/base/CApplication.php(185): CWebApplication->processRequest()
#19 /var/www/html/codecanyon/index.php(17): CApplication->run()
#20 {main}
REQUEST_URI=/codecanyon/
---
2018/12/28 07:23:05 [error] [exception.CDbException] SQLSTATE[HY000] [1045] Access denied for user 'root'@'localhost' (using password: NO)
2018/12/28 07:23:05 [error] [exception.CDbException] CDbException: CDbConnection failed to open the DB connection. in /var/www/html/codecanyon/framework/db/CDbConnection.php:405
Stack trace:
#0 /var/www/html/codecanyon/framework/db/CDbConnection.php(347): CDbConnection->open()
#1 /var/www/html/codecanyon/framework/db/CDbConnection.php(325): CDbConnection->setActive(true)
#2 /var/www/html/codecanyon/framework/base/CModule.php(394): CDbConnection->init()
#3 /var/www/html/codecanyon/framework/base/CApplication.php(459): CModule->getComponent('db')
#4 /var/www/html/codecanyon/framework/db/ar/CActiveRecord.php(639): CApplication->getDb()
#5 /var/www/html/codecanyon/framework/db/ar/CActiveRecord.php(672): CActiveRecord->getDbConnection()
#6 /var/www/html/codecanyon/framework/db/ar/CActiveRecord.php(1477): CActiveRecord->getCommandBuilder()
#7 /var/www/html/codecanyon/framework/web/CActiveDataProvider.php(199): CActiveRecord->findAll(Object(CDbCriteria))
#8 /var/www/html/codecanyon/framework/web/CDataProvider.php(168): CActiveDataProvider->fetchData()
#9 /var/www/html/codecanyon/website_review/widgets/WebsiteList.php(30): CDataProvider->getData()
#10 /var/www/html/codecanyon/framework/web/CBaseController.php(170): WebsiteList->run()
#11 /var/www/html/codecanyon/website_review/controllers/SiteController.php(31): CBaseController->widget('application.wid...', Array, true)
#12 /var/www/html/codecanyon/framework/web/actions/CInlineAction.php(49): SiteController->actionIndex()
#13 /var/www/html/codecanyon/framework/web/CController.php(308): CInlineAction->runWithParams(Array)
#14 /var/www/html/codecanyon/framework/web/CController.php(286): CController->runAction(Object(CInlineAction))
#15 /var/www/html/codecanyon/framework/web/CController.php(265): CController->runActionWithFilters(Object(CInlineAction), Array)
#16 /var/www/html/codecanyon/framework/web/CWebApplication.php(282): CController->run('')
#17 /var/www/html/codecanyon/framework/web/CWebApplication.php(141): CWebApplication->runController('')
#18 /var/www/html/codecanyon/framework/base/CApplication.php(185): CWebApplication->processRequest()
#19 /var/www/html/codecanyon/index.php(17): CApplication->run()
#20 {main}
REQUEST_URI=/codecanyon/
---
